<?xml version="1.0" encoding="UTF-8"?>
<!-- Generated by org.testng.reporters.JUnitXMLReporter -->
<testsuite ignored="0" hostname="ESRATARAKCI" failures="0" tests="5" name="Default test" time="6.355" errors="0" timestamp="14 Feb 2021 19:56:36 GMT">
  <testcase classname="datadriventesting.DataDrivenTest_AddNewEmployess" name="postNewEmployees" time="1.894"/>
  <testcase classname="datadriventesting.DataDrivenTest_AddNewEmployess" name="postNewEmployees" time="0.842"/>
  <testcase classname="datadriventesting.DataDrivenTest_AddNewEmployess" name="postNewEmployees" time="0.878"/>
  <testcase classname="datadriventesting.DataDrivenTest_AddNewEmployess" name="postNewEmployees" time="0.87"/>
  <testcase classname="datadriventesting.DataDrivenTest_AddNewEmployess" name="postNewEmployees" time="0.879"/>
</testsuite> <!-- Default test -->
