<?xml version="1.0" encoding="UTF-8"?>
<testng-results ignored="0" total="5" passed="5" failed="0" skipped="0">
  <reporter-output>
  </reporter-output>
  <suite started-at="2021-02-14T19:56:30Z" name="Default suite" finished-at="2021-02-14T19:56:36Z" duration-ms="6355">
    <groups>
    </groups>
    <test started-at="2021-02-14T19:56:30Z" name="Default test" finished-at="2021-02-14T19:56:36Z" duration-ms="6355">
      <class name="datadriventesting.DataDrivenTest_AddNewEmployess">
        <test-method signature="postNewEmployees(java.lang.String, java.lang.String, java.lang.String)[pri:0, instance:datadriventesting.DataDrivenTest_AddNewEmployess@537f60bf]" started-at="2021-02-14T19:56:31Z" name="postNewEmployees" data-provider="empdataprovider" finished-at="2021-02-14T19:56:33Z" duration-ms="1894" status="PASS">
          <params>
            <param index="0">
              <value>
                <![CDATA[JOHNX1919]]>
              </value>
            </param>
            <param index="1">
              <value>
                <![CDATA[40000]]>
              </value>
            </param>
            <param index="2">
              <value>
                <![CDATA[25]]>
              </value>
            </param>
          </params>
          <reporter-output>
          </reporter-output>
        </test-method> <!-- postNewEmployees -->
        <test-method signature="postNewEmployees(java.lang.String, java.lang.String, java.lang.String)[pri:0, instance:datadriventesting.DataDrivenTest_AddNewEmployess@537f60bf]" started-at="2021-02-14T19:56:33Z" name="postNewEmployees" data-provider="empdataprovider" finished-at="2021-02-14T19:56:34Z" duration-ms="842" status="PASS">
          <params>
            <param index="0">
              <value>
                <![CDATA[JOHNX1920]]>
              </value>
            </param>
            <param index="1">
              <value>
                <![CDATA[40000]]>
              </value>
            </param>
            <param index="2">
              <value>
                <![CDATA[25]]>
              </value>
            </param>
          </params>
          <reporter-output>
          </reporter-output>
        </test-method> <!-- postNewEmployees -->
        <test-method signature="postNewEmployees(java.lang.String, java.lang.String, java.lang.String)[pri:0, instance:datadriventesting.DataDrivenTest_AddNewEmployess@537f60bf]" started-at="2021-02-14T19:56:34Z" name="postNewEmployees" data-provider="empdataprovider" finished-at="2021-02-14T19:56:34Z" duration-ms="878" status="PASS">
          <params>
            <param index="0">
              <value>
                <![CDATA[JOHNX1921]]>
              </value>
            </param>
            <param index="1">
              <value>
                <![CDATA[40000]]>
              </value>
            </param>
            <param index="2">
              <value>
                <![CDATA[25]]>
              </value>
            </param>
          </params>
          <reporter-output>
          </reporter-output>
        </test-method> <!-- postNewEmployees -->
        <test-method signature="postNewEmployees(java.lang.String, java.lang.String, java.lang.String)[pri:0, instance:datadriventesting.DataDrivenTest_AddNewEmployess@537f60bf]" started-at="2021-02-14T19:56:34Z" name="postNewEmployees" data-provider="empdataprovider" finished-at="2021-02-14T19:56:35Z" duration-ms="870" status="PASS">
          <params>
            <param index="0">
              <value>
                <![CDATA[JOHNX1922]]>
              </value>
            </param>
            <param index="1">
              <value>
                <![CDATA[40000]]>
              </value>
            </param>
            <param index="2">
              <value>
                <![CDATA[25]]>
              </value>
            </param>
          </params>
          <reporter-output>
          </reporter-output>
        </test-method> <!-- postNewEmployees -->
        <test-method signature="postNewEmployees(java.lang.String, java.lang.String, java.lang.String)[pri:0, instance:datadriventesting.DataDrivenTest_AddNewEmployess@537f60bf]" started-at="2021-02-14T19:56:35Z" name="postNewEmployees" data-provider="empdataprovider" finished-at="2021-02-14T19:56:36Z" duration-ms="879" status="PASS">
          <params>
            <param index="0">
              <value>
                <![CDATA[JOHNX1923]]>
              </value>
            </param>
            <param index="1">
              <value>
                <![CDATA[40000]]>
              </value>
            </param>
            <param index="2">
              <value>
                <![CDATA[25]]>
              </value>
            </param>
          </params>
          <reporter-output>
          </reporter-output>
        </test-method> <!-- postNewEmployees -->
      </class> <!-- datadriventesting.DataDrivenTest_AddNewEmployess -->
    </test> <!-- Default test -->
  </suite> <!-- Default suite -->
</testng-results>
